C:\SQLITE\SQLWINRT\SQLITEWINRTPHONE\ARM\DEBUG\SQLITEWINRT.PCH
C:\SQLITE\SQLWINRT\SQLITEWINRTPHONE\ARM\DEBUG\PCH.OBJ
C:\SQLITE\SQLWINRT\SQLITEWINRTPHONE\ARM\DEBUG\VC110.PDB
C:\SQLITE\SQLWINRT\SQLITEWINRTPHONE\ARM\DEBUG\STATEMENT.OBJ
C:\SQLITE\SQLWINRT\SQLITEWINRTPHONE\ARM\DEBUG\DATABASE.OBJ
D:\PROGRAMMA'S\DROPBOX\PROJECT TIMER (VSR)\PROJECT (SOURCE FILES)\PROJECT TIMER\PROJECT TIMER\ARM\DEBUG\SQLITEWINRTPHONE\SQLITEWINRT.ILK
D:\PROGRAMMA'S\DROPBOX\PROJECT TIMER (VSR)\PROJECT (SOURCE FILES)\PROJECT TIMER\PROJECT TIMER\ARM\DEBUG\SQLITEWINRTPHONE\SQLITEWINRT.DLL
D:\PROGRAMMA'S\DROPBOX\PROJECT TIMER (VSR)\PROJECT (SOURCE FILES)\PROJECT TIMER\PROJECT TIMER\ARM\DEBUG\SQLITEWINRTPHONE\SQLITEWINRT.WINMD
D:\PROGRAMMA'S\DROPBOX\PROJECT TIMER (VSR)\PROJECT (SOURCE FILES)\PROJECT TIMER\PROJECT TIMER\ARM\DEBUG\SQLITEWINRTPHONE\SQLITEWINRT.PDB
D:\Programma's\Dropbox\Project Timer (VSR)\Project (source files)\Project Timer\Project Timer\ARM\Debug\SQLiteWinRTPhone\SQLiteWinRT.lib
D:\Programma's\Dropbox\Project Timer (VSR)\Project (source files)\Project Timer\Project Timer\ARM\Debug\SQLiteWinRTPhone\SQLiteWinRT.exp
C:\sqlite\sqlwinrt\SQLiteWinRTPhone\ARM\Debug\Database.obj
C:\sqlite\sqlwinrt\SQLiteWinRTPhone\ARM\Debug\pch.obj
C:\sqlite\sqlwinrt\SQLiteWinRTPhone\ARM\Debug\Statement.obj
C:\sqlite\sqlwinrt\SQLiteWinRTPhone\ARM\Debug\CL.3820.read.1.tlog
C:\sqlite\sqlwinrt\SQLiteWinRTPhone\ARM\Debug\CL.3820.write.1.tlog
C:\sqlite\sqlwinrt\SQLiteWinRTPhone\ARM\Debug\CL.7236.read.1.tlog
C:\sqlite\sqlwinrt\SQLiteWinRTPhone\ARM\Debug\CL.7236.write.1.tlog
C:\sqlite\sqlwinrt\SQLiteWinRTPhone\ARM\Debug\cl.command.1.tlog
C:\sqlite\sqlwinrt\SQLiteWinRTPhone\ARM\Debug\CL.read.1.tlog
C:\sqlite\sqlwinrt\SQLiteWinRTPhone\ARM\Debug\CL.write.1.tlog
C:\sqlite\sqlwinrt\SQLiteWinRTPhone\ARM\Debug\link.command.1.tlog
C:\sqlite\sqlwinrt\SQLiteWinRTPhone\ARM\Debug\link.read.1.tlog
C:\sqlite\sqlwinrt\SQLiteWinRTPhone\ARM\Debug\link.write.1.tlog
C:\sqlite\sqlwinrt\SQLiteWinRTPhone\ARM\Debug\SQLiteWinRT.write.1.tlog
C:\sqlite\sqlwinrt\SQLiteWinRTPhone\ARM\Debug\SQLiteWinRT.pch
C:\sqlite\sqlwinrt\SQLiteWinRTPhone\ARM\Debug\vc110.pdb
D:\Programma's\Dropbox\Project Timer (VSR)\Project (source files)\Project Timer\Project Timer\ARM\Debug\SQLiteWinRTPhone\SQLiteWinRT.pdb
D:\Programma's\Dropbox\Project Timer (VSR)\Project (source files)\Project Timer\Project Timer\ARM\Debug\SQLiteWinRTPhone\SQLiteWinRT.dll
D:\Programma's\Dropbox\Project Timer (VSR)\Project (source files)\Project Timer\Project Timer\ARM\Debug\SQLiteWinRTPhone\SQLiteWinRT.ilk
