C:\SQLITE\SQLWINRT\SQLITEWINRTPHONE\DEBUG\SQLITEWINRT.PCH
C:\SQLITE\SQLWINRT\SQLITEWINRTPHONE\DEBUG\PCH.OBJ
C:\SQLITE\SQLWINRT\SQLITEWINRTPHONE\DEBUG\VC110.PDB
C:\SQLITE\SQLWINRT\SQLITEWINRTPHONE\DEBUG\STATEMENT.OBJ
C:\SQLITE\SQLWINRT\SQLITEWINRTPHONE\DEBUG\DATABASE.OBJ
D:\PROGRAMMA'S\DROPBOX\PROJECT TIMER (VSR)\PROJECT (SOURCE FILES)\PROJECT TIMER\PROJECT TIMER\DEBUG\SQLITEWINRTPHONE\SQLITEWINRT.ILK
D:\PROGRAMMA'S\DROPBOX\PROJECT TIMER (VSR)\PROJECT (SOURCE FILES)\PROJECT TIMER\PROJECT TIMER\DEBUG\SQLITEWINRTPHONE\SQLITEWINRT.DLL
D:\PROGRAMMA'S\DROPBOX\PROJECT TIMER (VSR)\PROJECT (SOURCE FILES)\PROJECT TIMER\PROJECT TIMER\DEBUG\SQLITEWINRTPHONE\SQLITEWINRT.WINMD
D:\PROGRAMMA'S\DROPBOX\PROJECT TIMER (VSR)\PROJECT (SOURCE FILES)\PROJECT TIMER\PROJECT TIMER\DEBUG\SQLITEWINRTPHONE\SQLITEWINRT.PDB
D:\Programma's\Dropbox\Project Timer (VSR)\Project (source files)\Project Timer\Project Timer\Debug\SQLiteWinRTPhone\SQLiteWinRT.lib
D:\Programma's\Dropbox\Project Timer (VSR)\Project (source files)\Project Timer\Project Timer\Debug\SQLiteWinRTPhone\SQLiteWinRT.exp
C:\sqlite\sqlwinrt\SQLiteWinRTPhone\Debug\Database.obj
C:\sqlite\sqlwinrt\SQLiteWinRTPhone\Debug\pch.obj
C:\sqlite\sqlwinrt\SQLiteWinRTPhone\Debug\Statement.obj
C:\sqlite\sqlwinrt\SQLiteWinRTPhone\Debug\CL.4952.read.1.tlog
C:\sqlite\sqlwinrt\SQLiteWinRTPhone\Debug\CL.4952.write.1.tlog
C:\sqlite\sqlwinrt\SQLiteWinRTPhone\Debug\CL.8280.read.1.tlog
C:\sqlite\sqlwinrt\SQLiteWinRTPhone\Debug\CL.8280.write.1.tlog
C:\sqlite\sqlwinrt\SQLiteWinRTPhone\Debug\cl.command.1.tlog
C:\sqlite\sqlwinrt\SQLiteWinRTPhone\Debug\CL.read.1.tlog
C:\sqlite\sqlwinrt\SQLiteWinRTPhone\Debug\CL.write.1.tlog
C:\sqlite\sqlwinrt\SQLiteWinRTPhone\Debug\link.command.1.tlog
C:\sqlite\sqlwinrt\SQLiteWinRTPhone\Debug\link.read.1.tlog
C:\sqlite\sqlwinrt\SQLiteWinRTPhone\Debug\link.write.1.tlog
C:\sqlite\sqlwinrt\SQLiteWinRTPhone\Debug\SQLiteWinRT.write.1.tlog
C:\sqlite\sqlwinrt\SQLiteWinRTPhone\Debug\SQLiteWinRT.pch
C:\sqlite\sqlwinrt\SQLiteWinRTPhone\Debug\vc110.idb
C:\sqlite\sqlwinrt\SQLiteWinRTPhone\Debug\vc110.pdb
D:\Programma's\Dropbox\Project Timer (VSR)\Project (source files)\Project Timer\Project Timer\Debug\SQLiteWinRTPhone\SQLiteWinRT.pdb
D:\Programma's\Dropbox\Project Timer (VSR)\Project (source files)\Project Timer\Project Timer\Debug\SQLiteWinRTPhone\SQLiteWinRT.dll
D:\Programma's\Dropbox\Project Timer (VSR)\Project (source files)\Project Timer\Project Timer\Debug\SQLiteWinRTPhone\SQLiteWinRT.ilk
